2025-07-10 18:19:48,674 WARNING database DDL Query made to DB:
create table `tabTree` (
			name varchar(140) primary key,
			creation datetime(6),
			modified datetime(6),
			modified_by varchar(140),
			owner varchar(140),
			docstatus int(1) not null default '0',
			idx int(8) not null default '0',
			`lft` int(11) not null default 0,
`rgt` int(11) not null default 0,
`is_group` int(1) not null default 0,
`old_parent` varchar(140),
`parent_tree` varchar(140),
`_user_tags` text,
`_comments` text,
`_assign` text,
`_liked_by` text,
index modified(modified))
			ENGINE=InnoDB
			ROW_FORMAT=DYNAMIC
			CHARACTER SET=utf8mb4
			COLLATE=utf8mb4_unicode_ci
2025-07-10 18:20:16,622 WARNING database DDL Query made to DB:
ALTER TABLE `tabTree` ADD COLUMN `name1` varchar(140)
2025-07-10 18:21:08,194 WARNING database DDL Query made to DB:
ALTER TABLE `tabTree` ADD UNIQUE INDEX IF NOT EXISTS name1 (`name1`)
2025-07-10 18:23:53,277 WARNING database DDL Query made to DB:
create table `tabChildss` (
			name varchar(140) primary key,
			creation datetime(6),
			modified datetime(6),
			modified_by varchar(140),
			owner varchar(140),
			docstatus int(1) not null default '0',
			idx int(8) not null default '0',
			`lft` int(11) not null default 0,
`rgt` int(11) not null default 0,
`is_group` int(1) not null default 0,
`old_parent` varchar(140),
`parent_childss` varchar(140),
`_user_tags` text,
`_comments` text,
`_assign` text,
`_liked_by` text,
index modified(modified))
			ENGINE=InnoDB
			ROW_FORMAT=DYNAMIC
			CHARACTER SET=utf8mb4
			COLLATE=utf8mb4_unicode_ci
2025-07-10 18:24:15,875 WARNING database DDL Query made to DB:
ALTER TABLE `tabChildss` ADD COLUMN `name1` varchar(140)
2025-07-10 18:24:30,272 WARNING database DDL Query made to DB:
ALTER TABLE `tabChildss` ADD UNIQUE INDEX IF NOT EXISTS name1 (`name1`)
2025-07-10 19:09:42,929 WARNING database DDL Query made to DB:
create table `tabEmployee` (
			name varchar(140) primary key,
			creation datetime(6),
			modified datetime(6),
			modified_by varchar(140),
			owner varchar(140),
			docstatus int(1) not null default '0',
			idx int(8) not null default '0',
			`_user_tags` text,
`_comments` text,
`_assign` text,
`_liked_by` text,
index modified(modified))
			ENGINE=InnoDB
			ROW_FORMAT=DYNAMIC
			CHARACTER SET=utf8mb4
			COLLATE=utf8mb4_unicode_ci
2025-07-10 19:12:07,374 WARNING database DDL Query made to DB:
ALTER TABLE `tabEmployee` ADD COLUMN `employee_name` varchar(140), ADD COLUMN `age` int(11) not null default 0, ADD COLUMN `qualification` varchar(140), ADD COLUMN `phone` varchar(140), ADD COLUMN `address` varchar(140), ADD COLUMN `role` varchar(140)
2025-07-10 19:14:02,487 WARNING database DDL Query made to DB:
ALTER TABLE `tabEmployee` ADD UNIQUE INDEX IF NOT EXISTS employee_name (`employee_name`)
2025-07-10 19:15:09,786 WARNING database DDL Query made to DB:
create table `tabWorkshop Calendar Grantt` (
			name varchar(140) primary key,
			creation datetime(6),
			modified datetime(6),
			modified_by varchar(140),
			owner varchar(140),
			docstatus int(1) not null default '0',
			idx int(8) not null default '0',
			`_user_tags` text,
`_comments` text,
`_assign` text,
`_liked_by` text,
index modified(modified))
			ENGINE=InnoDB
			ROW_FORMAT=DYNAMIC
			CHARACTER SET=utf8mb4
			COLLATE=utf8mb4_unicode_ci
2025-07-10 19:18:07,845 WARNING database DDL Query made to DB:
ALTER TABLE `tabWorkshop Calendar Grantt` ADD COLUMN `workshop_name` varchar(140), ADD COLUMN `instructor` varchar(140), ADD COLUMN `start_date` date, ADD COLUMN `end_date` date, ADD COLUMN `status` varchar(140), ADD COLUMN `venue` varchar(140), ADD COLUMN `description` text, ADD COLUMN `capacity` int(11) not null default 0
2025-07-11 10:29:20,568 WARNING database DDL Query made to DB:
ALTER TABLE `tabWorkshop Calendar Grantt` ADD COLUMN `end` date
2025-07-11 10:29:36,615 WARNING database DDL Query made to DB:
ALTER TABLE `tabWorkshop Calendar Grantt` ADD COLUMN `start` date
2025-07-11 10:31:13,818 WARNING database DDL Query made to DB:
ALTER TABLE `tabWorkshop Calendar Grantt` ADD COLUMN `workshop` varchar(140)
2025-07-11 10:48:15,255 WARNING database DDL Query made to DB:
create table `tabCalendar Gantt` (
			name varchar(140) primary key,
			creation datetime(6),
			modified datetime(6),
			modified_by varchar(140),
			owner varchar(140),
			docstatus int(1) not null default '0',
			idx int(8) not null default '0',
			`_user_tags` text,
`_comments` text,
`_assign` text,
`_liked_by` text,
index modified(modified))
			ENGINE=InnoDB
			ROW_FORMAT=DYNAMIC
			CHARACTER SET=utf8mb4
			COLLATE=utf8mb4_unicode_ci
2025-07-11 10:51:35,815 WARNING database DDL Query made to DB:
ALTER TABLE `tabCalendar Gantt` ADD COLUMN `event` varchar(140), ADD COLUMN `start` date, ADD COLUMN `end` date
2025-07-11 10:55:29,747 WARNING database DDL Query made to DB:
ALTER TABLE `tabCalendar Gantt` ADD COLUMN `event_name` varchar(140)
2025-07-11 11:20:23,282 WARNING database DDL Query made to DB:
ALTER TABLE `tabCalendar Gantt` ADD COLUMN `course_name` varchar(140)
2025-07-11 11:22:16,453 WARNING database DDL Query made to DB:
create table `tabCalendar` (
			name varchar(140) primary key,
			creation datetime(6),
			modified datetime(6),
			modified_by varchar(140),
			owner varchar(140),
			docstatus int(1) not null default '0',
			idx int(8) not null default '0',
			`_user_tags` text,
`_comments` text,
`_assign` text,
`_liked_by` text,
index modified(modified))
			ENGINE=InnoDB
			ROW_FORMAT=DYNAMIC
			CHARACTER SET=utf8mb4
			COLLATE=utf8mb4_unicode_ci
2025-07-11 11:23:07,493 WARNING database DDL Query made to DB:
ALTER TABLE `tabCalendar` ADD COLUMN `course_name` varchar(140), ADD COLUMN `start` date, ADD COLUMN `end` date
2025-07-11 11:23:48,413 WARNING database DDL Query made to DB:
ALTER TABLE `tabCalendar` ADD UNIQUE INDEX IF NOT EXISTS course_name (`course_name`)
2025-07-11 12:05:57,176 WARNING database DDL Query made to DB:
ALTER TABLE `tabCalendar` ADD COLUMN `skill` varchar(140)
2025-07-11 14:46:58,371 WARNING database DDL Query made to DB:
create table `tabCustom` (
			name varchar(140) primary key,
			creation datetime(6),
			modified datetime(6),
			modified_by varchar(140),
			owner varchar(140),
			docstatus int(1) not null default '0',
			idx int(8) not null default '0',
			`_user_tags` text,
`_comments` text,
`_assign` text,
`_liked_by` text,
index modified(modified))
			ENGINE=InnoDB
			ROW_FORMAT=DYNAMIC
			CHARACTER SET=utf8mb4
			COLLATE=utf8mb4_unicode_ci
2025-07-11 15:00:58,678 WARNING database DDL Query made to DB:
ALTER TABLE `tabCustom` ADD COLUMN `customer_name` varchar(140), ADD COLUMN `contact_number` varchar(140), ADD COLUMN `special_instructions` longtext, ADD COLUMN `urgent_delivery` int(1) not null default 0, ADD COLUMN `preferred_date` date, ADD COLUMN `preferred_time` time(6), ADD COLUMN `food_type` varchar(140), ADD COLUMN `upload_reference` text, ADD COLUMN `status` varchar(140), ADD COLUMN `delivery_location` longtext
2025-07-11 15:25:32,400 WARNING database DDL Query made to DB:
RENAME TABLE `tabCustom` TO `tabSwiggy`
2025-07-11 17:56:29,115 WARNING database DDL Query made to DB:
ALTER TABLE `tabLibrary Member` ADD COLUMN `image` text
2025-07-12 19:25:23,312 WARNING database DDL Query made to DB:
ALTER TABLE `tabLibrary Member` ADD COLUMN `auto_repeat` varchar(140)
2025-07-14 16:43:32,236 WARNING database DDL Query made to DB:
ALTER TABLE `tabLibrary Member` ADD COLUMN `workflow_state` varchar(140)
2025-07-14 16:45:11,253 WARNING database DDL Query made to DB:
ALTER TABLE `tabEmployee` ADD COLUMN `workflow_state` varchar(140)
2025-07-14 18:24:22,110 WARNING database DDL Query made to DB:
ALTER TABLE `tabLibrary Membership` ADD COLUMN `workflow_state` varchar(140)
2025-07-14 19:26:16,057 WARNING database DDL Query made to DB:
ALTER TABLE `tabEmployee` ADD COLUMN `amended_from` varchar(140)
2025-07-14 19:26:16,151 WARNING database DDL Query made to DB:
ALTER TABLE `tabEmployee` ADD INDEX `amended_from_index`(`amended_from`)
2025-07-17 12:26:24,683 WARNING database DDL Query made to DB:
ALTER TABLE `tabArticle` MODIFY `description` longtext default 'Write Something'
2025-07-17 12:28:10,735 WARNING database DDL Query made to DB:
ALTER TABLE `tabArticle` MODIFY `description` longtext
2025-07-17 12:28:35,658 WARNING database DDL Query made to DB:
ALTER TABLE `tabArticle` MODIFY `description` longtext
2025-07-17 13:41:33,426 WARNING database DDL Query made to DB:
alter table `tabGrocery Item` add column if not exists parent varchar(140)
2025-07-17 13:41:33,435 WARNING database DDL Query made to DB:
alter table `tabGrocery Item` add column if not exists parenttype varchar(140)
2025-07-17 13:41:33,441 WARNING database DDL Query made to DB:
alter table `tabGrocery Item` add column if not exists parentfield varchar(140)
2025-07-17 13:41:33,731 WARNING database DDL Query made to DB:
ALTER TABLE `tabGrocery Item` MODIFY `amount` decimal(21,9) not null default 0, MODIFY `rate` decimal(21,9) not null default 0, MODIFY `quantity` decimal(21,9) not null default 0
2025-07-17 13:48:22,701 WARNING database DDL Query made to DB:
alter table `tabGrocery Item` add column if not exists parent varchar(140)
2025-07-17 13:48:22,703 WARNING database DDL Query made to DB:
alter table `tabGrocery Item` add column if not exists parenttype varchar(140)
2025-07-17 13:48:22,704 WARNING database DDL Query made to DB:
alter table `tabGrocery Item` add column if not exists parentfield varchar(140)
2025-07-17 13:48:22,872 WARNING database DDL Query made to DB:
ALTER TABLE `tabGrocery Item` MODIFY `amount` decimal(21,9) not null default 0, MODIFY `quantity` decimal(21,9) not null default 0, MODIFY `rate` decimal(21,9) not null default 0
2025-07-17 19:11:18,911 WARNING database DDL Query made to DB:
create table `tabTrack Changes` (
			name varchar(140) primary key,
			creation datetime(6),
			modified datetime(6),
			modified_by varchar(140),
			owner varchar(140),
			docstatus int(1) not null default '0',
			idx int(8) not null default '0',
			`_user_tags` text,
`_comments` text,
`_assign` text,
`_liked_by` text,
index modified(modified))
			ENGINE=InnoDB
			ROW_FORMAT=DYNAMIC
			CHARACTER SET=utf8mb4
			COLLATE=utf8mb4_unicode_ci
2025-07-17 19:12:58,923 WARNING database DDL Query made to DB:
ALTER TABLE `tabTrack Changes` ADD COLUMN `employee_name` varchar(140), ADD COLUMN `age` int(11) not null default 0, ADD COLUMN `email` varchar(140), ADD COLUMN `phone` varchar(140)
2025-07-17 19:14:15,919 WARNING database DDL Query made to DB:
ALTER TABLE `tabTrack Changes` ADD COLUMN `_seen` text
