Please specify --site sitename
set -o pipefail; /usr/bin/mariadb-dump --user=_11de0f3fefb611a6 --host=127.0.0.1 --port=3306 --password=********** --single-transaction --quick --lock-tables=false _11de0f3fefb611a6 | /usr/bin/gzip >> ./library.localhost/private/backups/20250708_180001-library_localhost-database.sql.gz

Backup Summary for library.localhost at 2025-07-08 18:00:02.245245
Config  : ./library.localhost/private/backups/20250708_180001-library_localhost-site_config_backup.json 94.0B
Database: ./library.localhost/private/backups/20250708_180001-library_localhost-database.sql.gz         244.1KiB
Backup for Site library.localhost has been successfully completed
set -o pipefail; /usr/bin/mariadb-dump --user=_11de0f3fefb611a6 --host=127.0.0.1 --port=3306 --password=********** --single-transaction --quick --lock-tables=false _11de0f3fefb611a6 | /usr/bin/gzip >> ./library.localhost/private/backups/20250709_120002-library_localhost-database.sql.gz

Backup Summary for library.localhost at 2025-07-09 12:00:04.401280
Config  : ./library.localhost/private/backups/20250709_120002-library_localhost-site_config_backup.json 94.0B
Database: ./library.localhost/private/backups/20250709_120002-library_localhost-database.sql.gz         255.1KiB
Backup for Site library.localhost has been successfully completed
set -o pipefail; /usr/bin/mariadb-dump --user=_11de0f3fefb611a6 --host=127.0.0.1 --port=3306 --password=********** --single-transaction --quick --lock-tables=false _11de0f3fefb611a6 | /usr/bin/gzip >> ./library.localhost/private/backups/20250709_180004-library_localhost-database.sql.gz

Backup Summary for library.localhost at 2025-07-09 18:00:06.670546
Config  : ./library.localhost/private/backups/20250709_180004-library_localhost-site_config_backup.json 161.0B
Database: ./library.localhost/private/backups/20250709_180004-library_localhost-database.sql.gz         302.5KiB
Backup for Site library.localhost has been successfully completed
set -o pipefail; /usr/bin/mariadb-dump --user=_11de0f3fefb611a6 --host=127.0.0.1 --port=3306 --password=********** --single-transaction --quick --lock-tables=false _11de0f3fefb611a6 | /usr/bin/gzip >> ./library.localhost/private/backups/20250710_120002-library_localhost-database.sql.gz

Backup Summary for library.localhost at 2025-07-10 12:00:04.805354
Config  : ./library.localhost/private/backups/20250710_120002-library_localhost-site_config_backup.json 161.0B
Database: ./library.localhost/private/backups/20250710_120002-library_localhost-database.sql.gz         333.7KiB
Backup for Site library.localhost has been successfully completed
set -o pipefail; /usr/bin/mariadb-dump --user=_11de0f3fefb611a6 --host=127.0.0.1 --port=3306 --password=********** --single-transaction --quick --lock-tables=false _11de0f3fefb611a6 | /usr/bin/gzip >> ./library.localhost/private/backups/20250710_180003-library_localhost-database.sql.gz

Backup Summary for library.localhost at 2025-07-10 18:00:05.624890
Config  : ./library.localhost/private/backups/20250710_180003-library_localhost-site_config_backup.json 161.0B
Database: ./library.localhost/private/backups/20250710_180003-library_localhost-database.sql.gz         389.8KiB
Backup for Site library.localhost has been successfully completed
set -o pipefail; /usr/bin/mariadb-dump --user=_11de0f3fefb611a6 --host=127.0.0.1 --port=3306 --password=********** --single-transaction --quick --lock-tables=false _11de0f3fefb611a6 | /usr/bin/gzip >> ./library.localhost/private/backups/20250711_120002-library_localhost-database.sql.gz

Backup Summary for library.localhost at 2025-07-11 12:00:04.750245
Config  : ./library.localhost/private/backups/20250711_120002-library_localhost-site_config_backup.json 161.0B
Database: ./library.localhost/private/backups/20250711_120002-library_localhost-database.sql.gz         415.1KiB
Backup for Site library.localhost has been successfully completed
set -o pipefail; /usr/bin/mariadb-dump --user=_11de0f3fefb611a6 --host=127.0.0.1 --port=3306 --password=********** --single-transaction --quick --lock-tables=false _11de0f3fefb611a6 | /usr/bin/gzip >> ./library.localhost/private/backups/20250711_180004-library_localhost-database.sql.gz

Backup Summary for library.localhost at 2025-07-11 18:00:05.154326
Config  : ./library.localhost/private/backups/20250711_180004-library_localhost-site_config_backup.json 161.0B
Database: ./library.localhost/private/backups/20250711_180004-library_localhost-database.sql.gz         442.3KiB
Backup for Site library.localhost has been successfully completed
set -o pipefail; /usr/bin/mariadb-dump --user=_11de0f3fefb611a6 --host=127.0.0.1 --port=3306 --password=********** --single-transaction --quick --lock-tables=false _11de0f3fefb611a6 | /usr/bin/gzip >> ./library.localhost/private/backups/20250712_120005-library_localhost-database.sql.gz

Backup Summary for library.localhost at 2025-07-12 12:00:07.441315
Config  : ./library.localhost/private/backups/20250712_120005-library_localhost-site_config_backup.json 161.0B
Database: ./library.localhost/private/backups/20250712_120005-library_localhost-database.sql.gz         454.3KiB
Backup for Site library.localhost has been successfully completed
set -o pipefail; /usr/bin/mariadb-dump --user=_11de0f3fefb611a6 --host=127.0.0.1 --port=3306 --password=********** --single-transaction --quick --lock-tables=false _11de0f3fefb611a6 | /usr/bin/gzip >> ./library.localhost/private/backups/20250712_180005-library_localhost-database.sql.gz

Backup Summary for library.localhost at 2025-07-12 18:00:06.819364
Config  : ./library.localhost/private/backups/20250712_180005-library_localhost-site_config_backup.json 161.0B
Database: ./library.localhost/private/backups/20250712_180005-library_localhost-database.sql.gz         495.1KiB
Backup for Site library.localhost has been successfully completed
set -o pipefail; /usr/bin/mariadb-dump --user=_11de0f3fefb611a6 --host=127.0.0.1 --port=3306 --password=********** --single-transaction --quick --lock-tables=false _11de0f3fefb611a6 | /usr/bin/gzip >> ./library.localhost/private/backups/20250714_120003-library_localhost-database.sql.gz

Backup Summary for library.localhost at 2025-07-14 12:00:06.022564
Config  : ./library.localhost/private/backups/20250714_120003-library_localhost-site_config_backup.json 161.0B
Database: ./library.localhost/private/backups/20250714_120003-library_localhost-database.sql.gz         554.4KiB
Backup for Site library.localhost has been successfully completed
set -o pipefail; /usr/bin/mariadb-dump --user=_11de0f3fefb611a6 --host=127.0.0.1 --port=3306 --password=********** --single-transaction --quick --lock-tables=false _11de0f3fefb611a6 | /usr/bin/gzip >> ./library.localhost/private/backups/20250714_180002-library_localhost-database.sql.gz

Backup Summary for library.localhost at 2025-07-14 18:00:03.837575
Config  : ./library.localhost/private/backups/20250714_180002-library_localhost-site_config_backup.json 161.0B
Database: ./library.localhost/private/backups/20250714_180002-library_localhost-database.sql.gz         583.1KiB
Backup for Site library.localhost has been successfully completed
set -o pipefail; /usr/bin/mariadb-dump --user=_11de0f3fefb611a6 --host=127.0.0.1 --port=3306 --password=********** --single-transaction --quick --lock-tables=false _11de0f3fefb611a6 | /usr/bin/gzip >> ./library.localhost/private/backups/20250716_120003-library_localhost-database.sql.gz

Backup Summary for library.localhost at 2025-07-16 12:00:06.131661
Config  : ./library.localhost/private/backups/20250716_120003-library_localhost-site_config_backup.json 161.0B
Database: ./library.localhost/private/backups/20250716_120003-library_localhost-database.sql.gz         599.9KiB
Backup for Site library.localhost has been successfully completed
set -o pipefail; /usr/bin/mariadb-dump --user=_11de0f3fefb611a6 --host=127.0.0.1 --port=3306 --password=********** --single-transaction --quick --lock-tables=false _11de0f3fefb611a6 | /usr/bin/gzip >> ./library.localhost/private/backups/20250716_180005-library_localhost-database.sql.gz

Backup Summary for library.localhost at 2025-07-16 18:00:07.151807
Config  : ./library.localhost/private/backups/20250716_180005-library_localhost-site_config_backup.json 161.0B
Database: ./library.localhost/private/backups/20250716_180005-library_localhost-database.sql.gz         630.8KiB
Backup for Site library.localhost has been successfully completed
set -o pipefail; /usr/bin/mariadb-dump --user=_11de0f3fefb611a6 --host=127.0.0.1 --port=3306 --password=********** --single-transaction --quick --lock-tables=false _11de0f3fefb611a6 | /usr/bin/gzip >> ./library.localhost/private/backups/20250717_120003-library_localhost-database.sql.gz

Backup Summary for library.localhost at 2025-07-17 12:00:04.572627
Config  : ./library.localhost/private/backups/20250717_120003-library_localhost-site_config_backup.json 161.0B
Database: ./library.localhost/private/backups/20250717_120003-library_localhost-database.sql.gz         627.0KiB
Backup for Site library.localhost has been successfully completed
set -o pipefail; /usr/bin/mariadb-dump --user=_11de0f3fefb611a6 --host=127.0.0.1 --port=3306 --password=********** --single-transaction --quick --lock-tables=false _11de0f3fefb611a6 | /usr/bin/gzip >> ./library.localhost/private/backups/20250717_180005-library_localhost-database.sql.gz

Backup Summary for library.localhost at 2025-07-17 18:00:06.671433
Config  : ./library.localhost/private/backups/20250717_180005-library_localhost-site_config_backup.json 161.0B
Database: ./library.localhost/private/backups/20250717_180005-library_localhost-database.sql.gz         638.8KiB
Backup for Site library.localhost has been successfully completed
set -o pipefail; /usr/bin/mariadb-dump --user=_11de0f3fefb611a6 --host=127.0.0.1 --port=3306 --password=********** --single-transaction --quick --lock-tables=false _11de0f3fefb611a6 | /usr/bin/gzip >> ./library.localhost/private/backups/20250718_120003-library_localhost-database.sql.gz

Backup Summary for library.localhost at 2025-07-18 12:00:05.318746
Config  : ./library.localhost/private/backups/20250718_120003-library_localhost-site_config_backup.json 161.0B
Database: ./library.localhost/private/backups/20250718_120003-library_localhost-database.sql.gz         638.7KiB
Backup for Site library.localhost has been successfully completed
set -o pipefail; /usr/bin/mariadb-dump --user=_11de0f3fefb611a6 --host=127.0.0.1 --port=3306 --password=********** --single-transaction --quick --lock-tables=false _11de0f3fefb611a6 | /usr/bin/gzip >> ./library.localhost/private/backups/20250718_180003-library_localhost-database.sql.gz

Backup Summary for library.localhost at 2025-07-18 18:00:06.131142
Config  : ./library.localhost/private/backups/20250718_180003-library_localhost-site_config_backup.json 161.0B
Database: ./library.localhost/private/backups/20250718_180003-library_localhost-database.sql.gz         822.6KiB
Backup for Site library.localhost has been successfully completed
set -o pipefail; /usr/bin/mariadb-dump --user=_11de0f3fefb611a6 --host=127.0.0.1 --port=3306 --password=********** --single-transaction --quick --lock-tables=false _11de0f3fefb611a6 | /usr/bin/gzip >> ./library.localhost/private/backups/20250719_120003-library_localhost-database.sql.gz

Backup Summary for library.localhost at 2025-07-19 12:00:05.221566
Config  : ./library.localhost/private/backups/20250719_120003-library_localhost-site_config_backup.json 161.0B
Database: ./library.localhost/private/backups/20250719_120003-library_localhost-database.sql.gz         861.5KiB
Backup for Site library.localhost has been successfully completed
set -o pipefail; /usr/bin/mariadb-dump --user=_11de0f3fefb611a6 --host=127.0.0.1 --port=3306 --password=********** --single-transaction --quick --lock-tables=false _11de0f3fefb611a6 | /usr/bin/gzip >> ./library.localhost/private/backups/20250719_180003-library_localhost-database.sql.gz

Backup Summary for library.localhost at 2025-07-19 18:00:05.341545
Config  : ./library.localhost/private/backups/20250719_180003-library_localhost-site_config_backup.json 161.0B
Database: ./library.localhost/private/backups/20250719_180003-library_localhost-database.sql.gz         939.2KiB
Backup for Site library.localhost has been successfully completed
set -o pipefail; /usr/bin/mariadb-dump --user=_11de0f3fefb611a6 --host=127.0.0.1 --port=3306 --password=********** --single-transaction --quick --lock-tables=false _11de0f3fefb611a6 | /usr/bin/gzip >> ./library.localhost/private/backups/20250721_120002-library_localhost-database.sql.gz

Backup Summary for library.localhost at 2025-07-21 12:00:04.146699
Config  : ./library.localhost/private/backups/20250721_120002-library_localhost-site_config_backup.json 161.0B
Database: ./library.localhost/private/backups/20250721_120002-library_localhost-database.sql.gz         932.9KiB
Backup for Site library.localhost has been successfully completed
set -o pipefail; /usr/bin/mariadb-dump --user=_11de0f3fefb611a6 --host=127.0.0.1 --port=3306 --password=********** --single-transaction --quick --lock-tables=false _11de0f3fefb611a6 | /usr/bin/gzip >> ./library.localhost/private/backups/20250721_180002-library_localhost-database.sql.gz

Backup Summary for library.localhost at 2025-07-21 18:00:04.712122
Config  : ./library.localhost/private/backups/20250721_180002-library_localhost-site_config_backup.json 161.0B
Database: ./library.localhost/private/backups/20250721_180002-library_localhost-database.sql.gz         938.7KiB
Backup for Site library.localhost has been successfully completed
set -o pipefail; /usr/bin/mariadb-dump --user=_11de0f3fefb611a6 --host=127.0.0.1 --port=3306 --password=********** --single-transaction --quick --lock-tables=false _11de0f3fefb611a6 | /usr/bin/gzip >> ./library.localhost/private/backups/20250722_120002-library_localhost-database.sql.gz

Backup Summary for library.localhost at 2025-07-22 12:00:05.482088
Config  : ./library.localhost/private/backups/20250722_120002-library_localhost-site_config_backup.json 161.0B
Database: ./library.localhost/private/backups/20250722_120002-library_localhost-database.sql.gz         937.1KiB
Backup for Site library.localhost has been successfully completed
set -o pipefail; /usr/bin/mariadb-dump --user=_11de0f3fefb611a6 --host=127.0.0.1 --port=3306 --password=********** --single-transaction --quick --lock-tables=false _11de0f3fefb611a6 | /usr/bin/gzip >> ./library.localhost/private/backups/20250722_180001-library_localhost-database.sql.gz

Backup Summary for library.localhost at 2025-07-22 18:00:03.898344
Config  : ./library.localhost/private/backups/20250722_180001-library_localhost-site_config_backup.json 161.0B
Database: ./library.localhost/private/backups/20250722_180001-library_localhost-database.sql.gz         1.2MiB
Backup for Site library.localhost has been successfully completed
set -o pipefail; /usr/bin/mariadb-dump --user=_11de0f3fefb611a6 --host=127.0.0.1 --port=3306 --password=********** --single-transaction --quick --lock-tables=false _11de0f3fefb611a6 | /usr/bin/gzip >> ./library.localhost/private/backups/20250723_120002-library_localhost-database.sql.gz

Backup Summary for library.localhost at 2025-07-23 12:00:04.612111
Config  : ./library.localhost/private/backups/20250723_120002-library_localhost-site_config_backup.json 161.0B
Database: ./library.localhost/private/backups/20250723_120002-library_localhost-database.sql.gz         1.2MiB
Backup for Site library.localhost has been successfully completed
set -o pipefail; /usr/bin/mariadb-dump --user=_11de0f3fefb611a6 --host=127.0.0.1 --port=3306 --password=********** --single-transaction --quick --lock-tables=false _11de0f3fefb611a6 | /usr/bin/gzip >> ./library.localhost/private/backups/20250723_180001-library_localhost-database.sql.gz

Backup Summary for library.localhost at 2025-07-23 18:00:05.064596
Config  : ./library.localhost/private/backups/20250723_180001-library_localhost-site_config_backup.json 161.0B
Database: ./library.localhost/private/backups/20250723_180001-library_localhost-database.sql.gz         1.4MiB
Backup for Site library.localhost has been successfully completed
set -o pipefail; /usr/bin/mariadb-dump --user=_11de0f3fefb611a6 --host=127.0.0.1 --port=3306 --password=********** --single-transaction --quick --lock-tables=false _11de0f3fefb611a6 | /usr/bin/gzip >> ./library.localhost/private/backups/20250724_120002-library_localhost-database.sql.gz

Backup Summary for library.localhost at 2025-07-24 12:00:05.023351
Config  : ./library.localhost/private/backups/20250724_120002-library_localhost-site_config_backup.json 161.0B
Database: ./library.localhost/private/backups/20250724_120002-library_localhost-database.sql.gz         1.4MiB
Backup for Site library.localhost has been successfully completed
set -o pipefail; /usr/bin/mariadb-dump --user=_11de0f3fefb611a6 --host=127.0.0.1 --port=3306 --password=********** --single-transaction --quick --lock-tables=false _11de0f3fefb611a6 | /usr/bin/gzip >> ./library.localhost/private/backups/20250724_180002-library_localhost-database.sql.gz

Backup Summary for library.localhost at 2025-07-24 18:00:05.551127
Config  : ./library.localhost/private/backups/20250724_180002-library_localhost-site_config_backup.json 161.0B
Database: ./library.localhost/private/backups/20250724_180002-library_localhost-database.sql.gz         1.5MiB
Backup for Site library.localhost has been successfully completed
set -o pipefail; /usr/bin/mariadb-dump --user=_11de0f3fefb611a6 --host=127.0.0.1 --port=3306 --password=********** --single-transaction --quick --lock-tables=false _11de0f3fefb611a6 | /usr/bin/gzip >> ./library.localhost/private/backups/20250725_120001-library_localhost-database.sql.gz

Backup Summary for library.localhost at 2025-07-25 12:00:03.015950
Config  : ./library.localhost/private/backups/20250725_120001-library_localhost-site_config_backup.json 161.0B
Database: ./library.localhost/private/backups/20250725_120001-library_localhost-database.sql.gz         1.5MiB
Backup for Site library.localhost has been successfully completed
set -o pipefail; /usr/bin/mariadb-dump --user=_11de0f3fefb611a6 --host=127.0.0.1 --port=3306 --password=********** --single-transaction --quick --lock-tables=false _11de0f3fefb611a6 | /usr/bin/gzip >> ./library.localhost/private/backups/20250725_180004-library_localhost-database.sql.gz

Backup Summary for library.localhost at 2025-07-25 18:00:07.092135
Config  : ./library.localhost/private/backups/20250725_180004-library_localhost-site_config_backup.json 161.0B
Database: ./library.localhost/private/backups/20250725_180004-library_localhost-database.sql.gz         1.5MiB
Backup for Site library.localhost has been successfully completed
set -o pipefail; /usr/bin/mariadb-dump --user=_11de0f3fefb611a6 --host=127.0.0.1 --port=3306 --password=********** --single-transaction --quick --lock-tables=false _11de0f3fefb611a6 | /usr/bin/gzip >> ./library.localhost/private/backups/20250726_120002-library_localhost-database.sql.gz

Backup Summary for library.localhost at 2025-07-26 12:00:04.995823
Config  : ./library.localhost/private/backups/20250726_120002-library_localhost-site_config_backup.json 161.0B
Database: ./library.localhost/private/backups/20250726_120002-library_localhost-database.sql.gz         1.5MiB
Backup for Site library.localhost has been successfully completed
set -o pipefail; /usr/bin/mariadb-dump --user=_11de0f3fefb611a6 --host=127.0.0.1 --port=3306 --password=********** --single-transaction --quick --lock-tables=false _11de0f3fefb611a6 | /usr/bin/gzip >> ./library.localhost/private/backups/20250726_180004-library_localhost-database.sql.gz

Backup Summary for library.localhost at 2025-07-26 18:00:06.751085
Config  : ./library.localhost/private/backups/20250726_180004-library_localhost-site_config_backup.json 161.0B
Database: ./library.localhost/private/backups/20250726_180004-library_localhost-database.sql.gz         1.5MiB
Backup for Site library.localhost has been successfully completed
set -o pipefail; /usr/bin/mariadb-dump --user=_11de0f3fefb611a6 --host=127.0.0.1 --port=3306 --password=********** --single-transaction --quick --lock-tables=false _11de0f3fefb611a6 | /usr/bin/gzip >> ./library.localhost/private/backups/20250728_120003-library_localhost-database.sql.gz

Backup Summary for library.localhost at 2025-07-28 12:00:05.613114
Config  : ./library.localhost/private/backups/20250728_120003-library_localhost-site_config_backup.json 161.0B
Database: ./library.localhost/private/backups/20250728_120003-library_localhost-database.sql.gz         1.5MiB
Backup for Site library.localhost has been successfully completed
set -o pipefail; /usr/bin/mariadb-dump --user=_11de0f3fefb611a6 --host=127.0.0.1 --port=3306 --password=********** --single-transaction --quick --lock-tables=false _11de0f3fefb611a6 | /usr/bin/gzip >> ./library.localhost/private/backups/20250728_180003-library_localhost-database.sql.gz

Backup Summary for library.localhost at 2025-07-28 18:00:06.431396
Config  : ./library.localhost/private/backups/20250728_180003-library_localhost-site_config_backup.json 161.0B
Database: ./library.localhost/private/backups/20250728_180003-library_localhost-database.sql.gz         1.5MiB
Backup for Site library.localhost has been successfully completed
set -o pipefail; /usr/bin/mariadb-dump --user=_11de0f3fefb611a6 --host=127.0.0.1 --port=3306 --password=********** --single-transaction --quick --lock-tables=false _11de0f3fefb611a6 | /usr/bin/gzip >> ./library.localhost/private/backups/20250729_120004-library_localhost-database.sql.gz

Backup Summary for library.localhost at 2025-07-29 12:00:07.392396
Config  : ./library.localhost/private/backups/20250729_120004-library_localhost-site_config_backup.json 161.0B
Database: ./library.localhost/private/backups/20250729_120004-library_localhost-database.sql.gz         1.5MiB
Backup for Site library.localhost has been successfully completed
set -o pipefail; /usr/bin/mariadb-dump --user=_11de0f3fefb611a6 --host=127.0.0.1 --port=3306 --password=********** --single-transaction --quick --lock-tables=false _11de0f3fefb611a6 | /usr/bin/gzip >> ./library.localhost/private/backups/20250729_180002-library_localhost-database.sql.gz

Backup Summary for library.localhost at 2025-07-29 18:00:07.349370
Config  : ./library.localhost/private/backups/20250729_180002-library_localhost-site_config_backup.json 161.0B
Database: ./library.localhost/private/backups/20250729_180002-library_localhost-database.sql.gz         1.5MiB
Backup for Site library.localhost has been successfully completed
set -o pipefail; /usr/bin/mariadb-dump --user=_11de0f3fefb611a6 --host=127.0.0.1 --port=3306 --password=********** --single-transaction --quick --lock-tables=false _11de0f3fefb611a6 | /usr/bin/gzip >> ./library.localhost/private/backups/20250730_120002-library_localhost-database.sql.gz

Backup Summary for library.localhost at 2025-07-30 12:00:04.092552
Config  : ./library.localhost/private/backups/20250730_120002-library_localhost-site_config_backup.json 161.0B
Database: ./library.localhost/private/backups/20250730_120002-library_localhost-database.sql.gz         1.5MiB
Backup for Site library.localhost has been successfully completed
set -o pipefail; /usr/bin/mariadb-dump --user=_11de0f3fefb611a6 --host=127.0.0.1 --port=3306 --password=********** --single-transaction --quick --lock-tables=false _11de0f3fefb611a6 | /usr/bin/gzip >> ./library.localhost/private/backups/20250730_180002-library_localhost-database.sql.gz

Backup Summary for library.localhost at 2025-07-30 18:00:06.590956
Config  : ./library.localhost/private/backups/20250730_180002-library_localhost-site_config_backup.json 161.0B
Database: ./library.localhost/private/backups/20250730_180002-library_localhost-database.sql.gz         1.6MiB
Backup for Site library.localhost has been successfully completed
